<?xml version="1.0" encoding="UTF-8"?>
<!-- Generated by org.testng.reporters.JUnitReportReporter -->
<testsuite hostname="vadivel" failures="0" tests="1" name="sheet_int.com.GoogleSheetsLiveTest" time="1.527" errors="0" timestamp="2023-07-11T12:12:57 IST" skipped="0">
  <testcase classname="sheet_int.com.GoogleSheetsLiveTest" name="whenWriteSheet_thenReadSheetOk" time="1.527"/>
  <system-out/>
</testsuite> <!-- sheet_int.com.GoogleSheetsLiveTest -->
