<?xml version="1.0" encoding="UTF-8"?>
<!-- Generated by org.testng.reporters.JUnitReportReporter -->
<testsuite hostname="vadivel" failures="0" tests="5" name="sheet_int.com.GoogleSheetsLiveTest_write" time="5.015" errors="0" timestamp="2023-07-11T13:04:57 IST" skipped="0">
  <testcase classname="sheet_int.com.GoogleSheetsLiveTest_write" name="whenWriteSheet_thenReadSheetOk" time="1.769"/>
  <system-out/>
  <testcase classname="sheet_int.com.GoogleSheetsLiveTest_write" name="multirange" time="0.785"/>
  <system-out/>
  <testcase classname="sheet_int.com.GoogleSheetsLiveTest_write" name="appending_method" time="0.587"/>
  <system-out/>
  <testcase classname="sheet_int.com.GoogleSheetsLiveTest_write" name="read_value_from_sheet" time="0.443"/>
  <system-out/>
  <testcase classname="sheet_int.com.GoogleSheetsLiveTest_write" name="create_sheet" time="1.431"/>
  <system-out/>
</testsuite> <!-- sheet_int.com.GoogleSheetsLiveTest_write -->
